<?xml version="1.0" encoding="UTF-8"?>
<testsuite name="inkball.BallTest" tests="15" skipped="0" failures="5" errors="0" timestamp="2024-10-27T08:16:43" hostname="as-MacBook-Pro.lan" time="80.918">
  <properties/>
  <testcase name="testBallNoLineCollision()" classname="inkball.BallTest" time="0.066"/>
  <testcase name="testBallDisplay()" classname="inkball.BallTest" time="0.081"/>
  <testcase name="testScoreIncreaseForDifferentBallColors()" classname="inkball.BallTest" time="1.326">
    <failure message="org.opentest4j.AssertionFailedError: Score should increase by orange points. ==&gt; expected: &lt;10&gt; but was: &lt;0&gt;" type="org.opentest4j.AssertionFailedError">org.opentest4j.AssertionFailedError: Score should increase by orange points. ==&gt; expected: &lt;10&gt; but was: &lt;0&gt;
	at org.junit.jupiter.api.AssertionUtils.fail(AssertionUtils.java:55)
	at org.junit.jupiter.api.AssertionUtils.failNotEqual(AssertionUtils.java:62)
	at org.junit.jupiter.api.AssertEquals.assertEquals(AssertEquals.java:150)
	at org.junit.jupiter.api.Assertions.assertEquals(Assertions.java:542)
	at inkball.BallTest.testScoreIncreaseForDifferentBallColors(balltest.java:163)
	at sun.reflect.NativeMethodAccessorImpl.invoke0(Native Method)
	at sun.reflect.NativeMethodAccessorImpl.invoke(NativeMethodAccessorImpl.java:62)
	at sun.reflect.DelegatingMethodAccessorImpl.invoke(DelegatingMethodAccessorImpl.java:43)
	at java.lang.reflect.Method.invoke(Method.java:498)
	at org.junit.platform.commons.util.ReflectionUtils.invokeMethod(ReflectionUtils.java:686)
	at org.junit.jupiter.engine.execution.MethodInvocation.proceed(MethodInvocation.java:60)
	at org.junit.jupiter.engine.execution.InvocationInterceptorChain$ValidatingInvocation.proceed(InvocationInterceptorChain.java:131)
	at org.junit.jupiter.engine.extension.TimeoutExtension.intercept(TimeoutExtension.java:149)
	at org.junit.jupiter.engine.extension.TimeoutExtension.interceptTestableMethod(TimeoutExtension.java:140)
	at org.junit.jupiter.engine.extension.TimeoutExtension.interceptTestMethod(TimeoutExtension.java:84)
	at org.junit.jupiter.engine.execution.ExecutableInvoker$ReflectiveInterceptorCall.lambda$ofVoidMethod$0(ExecutableInvoker.java:115)
	at org.junit.jupiter.engine.execution.ExecutableInvoker.lambda$invoke$0(ExecutableInvoker.java:105)
	at org.junit.jupiter.engine.execution.InvocationInterceptorChain$InterceptedInvocation.proceed(InvocationInterceptorChain.java:106)
	at org.junit.jupiter.engine.execution.InvocationInterceptorChain.proceed(InvocationInterceptorChain.java:64)
	at org.junit.jupiter.engine.execution.InvocationInterceptorChain.chainAndInvoke(InvocationInterceptorChain.java:45)
	at org.junit.jupiter.engine.execution.InvocationInterceptorChain.invoke(InvocationInterceptorChain.java:37)
	at org.junit.jupiter.engine.execution.ExecutableInvoker.invoke(ExecutableInvoker.java:104)
	at org.junit.jupiter.engine.execution.ExecutableInvoker.invoke(ExecutableInvoker.java:98)
	at org.junit.jupiter.engine.descriptor.TestMethodTestDescriptor.lambda$invokeTestMethod$6(TestMethodTestDescriptor.java:212)
	at org.junit.platform.engine.support.hierarchical.ThrowableCollector.execute(ThrowableCollector.java:73)
	at org.junit.jupiter.engine.descriptor.TestMethodTestDescriptor.invokeTestMethod(TestMethodTestDescriptor.java:208)
	at org.junit.jupiter.engine.descriptor.TestMethodTestDescriptor.execute(TestMethodTestDescriptor.java:137)
	at org.junit.jupiter.engine.descriptor.TestMethodTestDescriptor.execute(TestMethodTestDescriptor.java:71)
	at org.junit.platform.engine.support.hierarchical.NodeTestTask.lambda$executeRecursively$5(NodeTestTask.java:135)
	at org.junit.platform.engine.support.hierarchical.ThrowableCollector.execute(ThrowableCollector.java:73)
	at org.junit.platform.engine.support.hierarchical.NodeTestTask.lambda$executeRecursively$7(NodeTestTask.java:125)
	at org.junit.platform.engine.support.hierarchical.Node.around(Node.java:135)
	at org.junit.platform.engine.support.hierarchical.NodeTestTask.lambda$executeRecursively$8(NodeTestTask.java:123)
	at org.junit.platform.engine.support.hierarchical.ThrowableCollector.execute(ThrowableCollector.java:73)
	at org.junit.platform.engine.support.hierarchical.NodeTestTask.executeRecursively(NodeTestTask.java:122)
	at org.junit.platform.engine.support.hierarchical.NodeTestTask.execute(NodeTestTask.java:80)
	at java.util.ArrayList.forEach(ArrayList.java:1259)
	at org.junit.platform.engine.support.hierarchical.SameThreadHierarchicalTestExecutorService.invokeAll(SameThreadHierarchicalTestExecutorService.java:38)
	at org.junit.platform.engine.support.hierarchical.NodeTestTask.lambda$executeRecursively$5(NodeTestTask.java:139)
	at org.junit.platform.engine.support.hierarchical.ThrowableCollector.execute(ThrowableCollector.java:73)
	at org.junit.platform.engine.support.hierarchical.NodeTestTask.lambda$executeRecursively$7(NodeTestTask.java:125)
	at org.junit.platform.engine.support.hierarchical.Node.around(Node.java:135)
	at org.junit.platform.engine.support.hierarchical.NodeTestTask.lambda$executeRecursively$8(NodeTestTask.java:123)
	at org.junit.platform.engine.support.hierarchical.ThrowableCollector.execute(ThrowableCollector.java:73)
	at org.junit.platform.engine.support.hierarchical.NodeTestTask.executeRecursively(NodeTestTask.java:122)
	at org.junit.platform.engine.support.hierarchical.NodeTestTask.execute(NodeTestTask.java:80)
	at java.util.ArrayList.forEach(ArrayList.java:1259)
	at org.junit.platform.engine.support.hierarchical.SameThreadHierarchicalTestExecutorService.invokeAll(SameThreadHierarchicalTestExecutorService.java:38)
	at org.junit.platform.engine.support.hierarchical.NodeTestTask.lambda$executeRecursively$5(NodeTestTask.java:139)
	at org.junit.platform.engine.support.hierarchical.ThrowableCollector.execute(ThrowableCollector.java:73)
	at org.junit.platform.engine.support.hierarchical.NodeTestTask.lambda$executeRecursively$7(NodeTestTask.java:125)
	at org.junit.platform.engine.support.hierarchical.Node.around(Node.java:135)
	at org.junit.platform.engine.support.hierarchical.NodeTestTask.lambda$executeRecursively$8(NodeTestTask.java:123)
	at org.junit.platform.engine.support.hierarchical.ThrowableCollector.execute(ThrowableCollector.java:73)
	at org.junit.platform.engine.support.hierarchical.NodeTestTask.executeRecursively(NodeTestTask.java:122)
	at org.junit.platform.engine.support.hierarchical.NodeTestTask.execute(NodeTestTask.java:80)
	at org.junit.platform.engine.support.hierarchical.SameThreadHierarchicalTestExecutorService.submit(SameThreadHierarchicalTestExecutorService.java:32)
	at org.junit.platform.engine.support.hierarchical.HierarchicalTestExecutor.execute(HierarchicalTestExecutor.java:57)
	at org.junit.platform.engine.support.hierarchical.HierarchicalTestEngine.execute(HierarchicalTestEngine.java:51)
	at org.junit.platform.launcher.core.EngineExecutionOrchestrator.execute(EngineExecutionOrchestrator.java:107)
	at org.junit.platform.launcher.core.EngineExecutionOrchestrator.execute(EngineExecutionOrchestrator.java:88)
	at org.junit.platform.launcher.core.EngineExecutionOrchestrator.lambda$execute$0(EngineExecutionOrchestrator.java:54)
	at org.junit.platform.launcher.core.EngineExecutionOrchestrator.withInterceptedStreams(EngineExecutionOrchestrator.java:67)
	at org.junit.platform.launcher.core.EngineExecutionOrchestrator.execute(EngineExecutionOrchestrator.java:52)
	at org.junit.platform.launcher.core.DefaultLauncher.execute(DefaultLauncher.java:114)
	at org.junit.platform.launcher.core.DefaultLauncher.execute(DefaultLauncher.java:86)
	at org.junit.platform.launcher.core.DefaultLauncherSession$DelegatingLauncher.execute(DefaultLauncherSession.java:86)
	at org.gradle.api.internal.tasks.testing.junitplatform.JUnitPlatformTestClassProcessor$CollectAllTestClassesExecutor.processAllTestClasses(JUnitPlatformTestClassProcessor.java:124)
	at org.gradle.api.internal.tasks.testing.junitplatform.JUnitPlatformTestClassProcessor$CollectAllTestClassesExecutor.access$000(JUnitPlatformTestClassProcessor.java:99)
	at org.gradle.api.internal.tasks.testing.junitplatform.JUnitPlatformTestClassProcessor.stop(JUnitPlatformTestClassProcessor.java:94)
	at org.gradle.api.internal.tasks.testing.SuiteTestClassProcessor.stop(SuiteTestClassProcessor.java:63)
	at sun.reflect.NativeMethodAccessorImpl.invoke0(Native Method)
	at sun.reflect.NativeMethodAccessorImpl.invoke(NativeMethodAccessorImpl.java:62)
	at sun.reflect.DelegatingMethodAccessorImpl.invoke(DelegatingMethodAccessorImpl.java:43)
	at java.lang.reflect.Method.invoke(Method.java:498)
	at org.gradle.internal.dispatch.ReflectionDispatch.dispatch(ReflectionDispatch.java:36)
	at org.gradle.internal.dispatch.ReflectionDispatch.dispatch(ReflectionDispatch.java:24)
	at org.gradle.internal.dispatch.ContextClassLoaderDispatch.dispatch(ContextClassLoaderDispatch.java:33)
	at org.gradle.internal.dispatch.ProxyDispatchAdapter$DispatchingInvocationHandler.invoke(ProxyDispatchAdapter.java:92)
	at com.sun.proxy.$Proxy4.stop(Unknown Source)
	at org.gradle.api.internal.tasks.testing.worker.TestWorker$3.run(TestWorker.java:200)
	at org.gradle.api.internal.tasks.testing.worker.TestWorker.executeAndMaintainThreadName(TestWorker.java:132)
	at org.gradle.api.internal.tasks.testing.worker.TestWorker.execute(TestWorker.java:103)
	at org.gradle.api.internal.tasks.testing.worker.TestWorker.execute(TestWorker.java:63)
	at org.gradle.process.internal.worker.child.ActionExecutionWorker.execute(ActionExecutionWorker.java:56)
	at org.gradle.process.internal.worker.child.SystemApplicationClassLoaderWorker.call(SystemApplicationClassLoaderWorker.java:121)
	at org.gradle.process.internal.worker.child.SystemApplicationClassLoaderWorker.call(SystemApplicationClassLoaderWorker.java:71)
	at worker.org.gradle.process.internal.worker.GradleWorkerMain.run(GradleWorkerMain.java:69)
	at worker.org.gradle.process.internal.worker.GradleWorkerMain.main(GradleWorkerMain.java:74)
</failure>
  </testcase>
  <testcase name="testBallBoundaryCollisionHandling()" classname="inkball.BallTest" time="1.981"/>
  <testcase name="testBallInitialization()" classname="inkball.BallTest" time="2.411"/>
  <testcase name="testScoreDeductionOnFailedAbsorption()" classname="inkball.BallTest" time="2.998">
    <failure message="org.opentest4j.AssertionFailedError: Score should decrease by penalty points on failed absorption. ==&gt; expected: &lt;-5&gt; but was: &lt;0&gt;" type="org.opentest4j.AssertionFailedError">org.opentest4j.AssertionFailedError: Score should decrease by penalty points on failed absorption. ==&gt; expected: &lt;-5&gt; but was: &lt;0&gt;
	at org.junit.jupiter.api.AssertionUtils.fail(AssertionUtils.java:55)
	at org.junit.jupiter.api.AssertionUtils.failNotEqual(AssertionUtils.java:62)
	at org.junit.jupiter.api.AssertEquals.assertEquals(AssertEquals.java:150)
	at org.junit.jupiter.api.Assertions.assertEquals(Assertions.java:542)
	at inkball.BallTest.testScoreDeductionOnFailedAbsorption(balltest.java:182)
	at sun.reflect.NativeMethodAccessorImpl.invoke0(Native Method)
	at sun.reflect.NativeMethodAccessorImpl.invoke(NativeMethodAccessorImpl.java:62)
	at sun.reflect.DelegatingMethodAccessorImpl.invoke(DelegatingMethodAccessorImpl.java:43)
	at java.lang.reflect.Method.invoke(Method.java:498)
	at org.junit.platform.commons.util.ReflectionUtils.invokeMethod(ReflectionUtils.java:686)
	at org.junit.jupiter.engine.execution.MethodInvocation.proceed(MethodInvocation.java:60)
	at org.junit.jupiter.engine.execution.InvocationInterceptorChain$ValidatingInvocation.proceed(InvocationInterceptorChain.java:131)
	at org.junit.jupiter.engine.extension.TimeoutExtension.intercept(TimeoutExtension.java:149)
	at org.junit.jupiter.engine.extension.TimeoutExtension.interceptTestableMethod(TimeoutExtension.java:140)
	at org.junit.jupiter.engine.extension.TimeoutExtension.interceptTestMethod(TimeoutExtension.java:84)
	at org.junit.jupiter.engine.execution.ExecutableInvoker$ReflectiveInterceptorCall.lambda$ofVoidMethod$0(ExecutableInvoker.java:115)
	at org.junit.jupiter.engine.execution.ExecutableInvoker.lambda$invoke$0(ExecutableInvoker.java:105)
	at org.junit.jupiter.engine.execution.InvocationInterceptorChain$InterceptedInvocation.proceed(InvocationInterceptorChain.java:106)
	at org.junit.jupiter.engine.execution.InvocationInterceptorChain.proceed(InvocationInterceptorChain.java:64)
	at org.junit.jupiter.engine.execution.InvocationInterceptorChain.chainAndInvoke(InvocationInterceptorChain.java:45)
	at org.junit.jupiter.engine.execution.InvocationInterceptorChain.invoke(InvocationInterceptorChain.java:37)
	at org.junit.jupiter.engine.execution.ExecutableInvoker.invoke(ExecutableInvoker.java:104)
	at org.junit.jupiter.engine.execution.ExecutableInvoker.invoke(ExecutableInvoker.java:98)
	at org.junit.jupiter.engine.descriptor.TestMethodTestDescriptor.lambda$invokeTestMethod$6(TestMethodTestDescriptor.java:212)
	at org.junit.platform.engine.support.hierarchical.ThrowableCollector.execute(ThrowableCollector.java:73)
	at org.junit.jupiter.engine.descriptor.TestMethodTestDescriptor.invokeTestMethod(TestMethodTestDescriptor.java:208)
	at org.junit.jupiter.engine.descriptor.TestMethodTestDescriptor.execute(TestMethodTestDescriptor.java:137)
	at org.junit.jupiter.engine.descriptor.TestMethodTestDescriptor.execute(TestMethodTestDescriptor.java:71)
	at org.junit.platform.engine.support.hierarchical.NodeTestTask.lambda$executeRecursively$5(NodeTestTask.java:135)
	at org.junit.platform.engine.support.hierarchical.ThrowableCollector.execute(ThrowableCollector.java:73)
	at org.junit.platform.engine.support.hierarchical.NodeTestTask.lambda$executeRecursively$7(NodeTestTask.java:125)
	at org.junit.platform.engine.support.hierarchical.Node.around(Node.java:135)
	at org.junit.platform.engine.support.hierarchical.NodeTestTask.lambda$executeRecursively$8(NodeTestTask.java:123)
	at org.junit.platform.engine.support.hierarchical.ThrowableCollector.execute(ThrowableCollector.java:73)
	at org.junit.platform.engine.support.hierarchical.NodeTestTask.executeRecursively(NodeTestTask.java:122)
	at org.junit.platform.engine.support.hierarchical.NodeTestTask.execute(NodeTestTask.java:80)
	at java.util.ArrayList.forEach(ArrayList.java:1259)
	at org.junit.platform.engine.support.hierarchical.SameThreadHierarchicalTestExecutorService.invokeAll(SameThreadHierarchicalTestExecutorService.java:38)
	at org.junit.platform.engine.support.hierarchical.NodeTestTask.lambda$executeRecursively$5(NodeTestTask.java:139)
	at org.junit.platform.engine.support.hierarchical.ThrowableCollector.execute(ThrowableCollector.java:73)
	at org.junit.platform.engine.support.hierarchical.NodeTestTask.lambda$executeRecursively$7(NodeTestTask.java:125)
	at org.junit.platform.engine.support.hierarchical.Node.around(Node.java:135)
	at org.junit.platform.engine.support.hierarchical.NodeTestTask.lambda$executeRecursively$8(NodeTestTask.java:123)
	at org.junit.platform.engine.support.hierarchical.ThrowableCollector.execute(ThrowableCollector.java:73)
	at org.junit.platform.engine.support.hierarchical.NodeTestTask.executeRecursively(NodeTestTask.java:122)
	at org.junit.platform.engine.support.hierarchical.NodeTestTask.execute(NodeTestTask.java:80)
	at java.util.ArrayList.forEach(ArrayList.java:1259)
	at org.junit.platform.engine.support.hierarchical.SameThreadHierarchicalTestExecutorService.invokeAll(SameThreadHierarchicalTestExecutorService.java:38)
	at org.junit.platform.engine.support.hierarchical.NodeTestTask.lambda$executeRecursively$5(NodeTestTask.java:139)
	at org.junit.platform.engine.support.hierarchical.ThrowableCollector.execute(ThrowableCollector.java:73)
	at org.junit.platform.engine.support.hierarchical.NodeTestTask.lambda$executeRecursively$7(NodeTestTask.java:125)
	at org.junit.platform.engine.support.hierarchical.Node.around(Node.java:135)
	at org.junit.platform.engine.support.hierarchical.NodeTestTask.lambda$executeRecursively$8(NodeTestTask.java:123)
	at org.junit.platform.engine.support.hierarchical.ThrowableCollector.execute(ThrowableCollector.java:73)
	at org.junit.platform.engine.support.hierarchical.NodeTestTask.executeRecursively(NodeTestTask.java:122)
	at org.junit.platform.engine.support.hierarchical.NodeTestTask.execute(NodeTestTask.java:80)
	at org.junit.platform.engine.support.hierarchical.SameThreadHierarchicalTestExecutorService.submit(SameThreadHierarchicalTestExecutorService.java:32)
	at org.junit.platform.engine.support.hierarchical.HierarchicalTestExecutor.execute(HierarchicalTestExecutor.java:57)
	at org.junit.platform.engine.support.hierarchical.HierarchicalTestEngine.execute(HierarchicalTestEngine.java:51)
	at org.junit.platform.launcher.core.EngineExecutionOrchestrator.execute(EngineExecutionOrchestrator.java:107)
	at org.junit.platform.launcher.core.EngineExecutionOrchestrator.execute(EngineExecutionOrchestrator.java:88)
	at org.junit.platform.launcher.core.EngineExecutionOrchestrator.lambda$execute$0(EngineExecutionOrchestrator.java:54)
	at org.junit.platform.launcher.core.EngineExecutionOrchestrator.withInterceptedStreams(EngineExecutionOrchestrator.java:67)
	at org.junit.platform.launcher.core.EngineExecutionOrchestrator.execute(EngineExecutionOrchestrator.java:52)
	at org.junit.platform.launcher.core.DefaultLauncher.execute(DefaultLauncher.java:114)
	at org.junit.platform.launcher.core.DefaultLauncher.execute(DefaultLauncher.java:86)
	at org.junit.platform.launcher.core.DefaultLauncherSession$DelegatingLauncher.execute(DefaultLauncherSession.java:86)
	at org.gradle.api.internal.tasks.testing.junitplatform.JUnitPlatformTestClassProcessor$CollectAllTestClassesExecutor.processAllTestClasses(JUnitPlatformTestClassProcessor.java:124)
	at org.gradle.api.internal.tasks.testing.junitplatform.JUnitPlatformTestClassProcessor$CollectAllTestClassesExecutor.access$000(JUnitPlatformTestClassProcessor.java:99)
	at org.gradle.api.internal.tasks.testing.junitplatform.JUnitPlatformTestClassProcessor.stop(JUnitPlatformTestClassProcessor.java:94)
	at org.gradle.api.internal.tasks.testing.SuiteTestClassProcessor.stop(SuiteTestClassProcessor.java:63)
	at sun.reflect.NativeMethodAccessorImpl.invoke0(Native Method)
	at sun.reflect.NativeMethodAccessorImpl.invoke(NativeMethodAccessorImpl.java:62)
	at sun.reflect.DelegatingMethodAccessorImpl.invoke(DelegatingMethodAccessorImpl.java:43)
	at java.lang.reflect.Method.invoke(Method.java:498)
	at org.gradle.internal.dispatch.ReflectionDispatch.dispatch(ReflectionDispatch.java:36)
	at org.gradle.internal.dispatch.ReflectionDispatch.dispatch(ReflectionDispatch.java:24)
	at org.gradle.internal.dispatch.ContextClassLoaderDispatch.dispatch(ContextClassLoaderDispatch.java:33)
	at org.gradle.internal.dispatch.ProxyDispatchAdapter$DispatchingInvocationHandler.invoke(ProxyDispatchAdapter.java:92)
	at com.sun.proxy.$Proxy4.stop(Unknown Source)
	at org.gradle.api.internal.tasks.testing.worker.TestWorker$3.run(TestWorker.java:200)
	at org.gradle.api.internal.tasks.testing.worker.TestWorker.executeAndMaintainThreadName(TestWorker.java:132)
	at org.gradle.api.internal.tasks.testing.worker.TestWorker.execute(TestWorker.java:103)
	at org.gradle.api.internal.tasks.testing.worker.TestWorker.execute(TestWorker.java:63)
	at org.gradle.process.internal.worker.child.ActionExecutionWorker.execute(ActionExecutionWorker.java:56)
	at org.gradle.process.internal.worker.child.SystemApplicationClassLoaderWorker.call(SystemApplicationClassLoaderWorker.java:121)
	at org.gradle.process.internal.worker.child.SystemApplicationClassLoaderWorker.call(SystemApplicationClassLoaderWorker.java:71)
	at worker.org.gradle.process.internal.worker.GradleWorkerMain.run(GradleWorkerMain.java:69)
	at worker.org.gradle.process.internal.worker.GradleWorkerMain.main(GradleWorkerMain.java:74)
</failure>
  </testcase>
  <testcase name="testBallWallCollision()" classname="inkball.BallTest" time="4.11"/>
  <testcase name="testBallOutOfBoundsHandling()" classname="inkball.BallTest" time="4.635">
    <failure message="org.opentest4j.AssertionFailedError: Ball should adjust its position to stay within bounds. ==&gt; expected: &lt;544.0&gt; but was: &lt;586.0&gt;" type="org.opentest4j.AssertionFailedError">org.opentest4j.AssertionFailedError: Ball should adjust its position to stay within bounds. ==&gt; expected: &lt;544.0&gt; but was: &lt;586.0&gt;
	at org.junit.jupiter.api.AssertionUtils.fail(AssertionUtils.java:55)
	at org.junit.jupiter.api.AssertionUtils.failNotEqual(AssertionUtils.java:62)
	at org.junit.jupiter.api.AssertEquals.assertEquals(AssertEquals.java:102)
	at org.junit.jupiter.api.Assertions.assertEquals(Assertions.java:754)
	at inkball.BallTest.testBallOutOfBoundsHandling(balltest.java:137)
	at sun.reflect.NativeMethodAccessorImpl.invoke0(Native Method)
	at sun.reflect.NativeMethodAccessorImpl.invoke(NativeMethodAccessorImpl.java:62)
	at sun.reflect.DelegatingMethodAccessorImpl.invoke(DelegatingMethodAccessorImpl.java:43)
	at java.lang.reflect.Method.invoke(Method.java:498)
	at org.junit.platform.commons.util.ReflectionUtils.invokeMethod(ReflectionUtils.java:686)
	at org.junit.jupiter.engine.execution.MethodInvocation.proceed(MethodInvocation.java:60)
	at org.junit.jupiter.engine.execution.InvocationInterceptorChain$ValidatingInvocation.proceed(InvocationInterceptorChain.java:131)
	at org.junit.jupiter.engine.extension.TimeoutExtension.intercept(TimeoutExtension.java:149)
	at org.junit.jupiter.engine.extension.TimeoutExtension.interceptTestableMethod(TimeoutExtension.java:140)
	at org.junit.jupiter.engine.extension.TimeoutExtension.interceptTestMethod(TimeoutExtension.java:84)
	at org.junit.jupiter.engine.execution.ExecutableInvoker$ReflectiveInterceptorCall.lambda$ofVoidMethod$0(ExecutableInvoker.java:115)
	at org.junit.jupiter.engine.execution.ExecutableInvoker.lambda$invoke$0(ExecutableInvoker.java:105)
	at org.junit.jupiter.engine.execution.InvocationInterceptorChain$InterceptedInvocation.proceed(InvocationInterceptorChain.java:106)
	at org.junit.jupiter.engine.execution.InvocationInterceptorChain.proceed(InvocationInterceptorChain.java:64)
	at org.junit.jupiter.engine.execution.InvocationInterceptorChain.chainAndInvoke(InvocationInterceptorChain.java:45)
	at org.junit.jupiter.engine.execution.InvocationInterceptorChain.invoke(InvocationInterceptorChain.java:37)
	at org.junit.jupiter.engine.execution.ExecutableInvoker.invoke(ExecutableInvoker.java:104)
	at org.junit.jupiter.engine.execution.ExecutableInvoker.invoke(ExecutableInvoker.java:98)
	at org.junit.jupiter.engine.descriptor.TestMethodTestDescriptor.lambda$invokeTestMethod$6(TestMethodTestDescriptor.java:212)
	at org.junit.platform.engine.support.hierarchical.ThrowableCollector.execute(ThrowableCollector.java:73)
	at org.junit.jupiter.engine.descriptor.TestMethodTestDescriptor.invokeTestMethod(TestMethodTestDescriptor.java:208)
	at org.junit.jupiter.engine.descriptor.TestMethodTestDescriptor.execute(TestMethodTestDescriptor.java:137)
	at org.junit.jupiter.engine.descriptor.TestMethodTestDescriptor.execute(TestMethodTestDescriptor.java:71)
	at org.junit.platform.engine.support.hierarchical.NodeTestTask.lambda$executeRecursively$5(NodeTestTask.java:135)
	at org.junit.platform.engine.support.hierarchical.ThrowableCollector.execute(ThrowableCollector.java:73)
	at org.junit.platform.engine.support.hierarchical.NodeTestTask.lambda$executeRecursively$7(NodeTestTask.java:125)
	at org.junit.platform.engine.support.hierarchical.Node.around(Node.java:135)
	at org.junit.platform.engine.support.hierarchical.NodeTestTask.lambda$executeRecursively$8(NodeTestTask.java:123)
	at org.junit.platform.engine.support.hierarchical.ThrowableCollector.execute(ThrowableCollector.java:73)
	at org.junit.platform.engine.support.hierarchical.NodeTestTask.executeRecursively(NodeTestTask.java:122)
	at org.junit.platform.engine.support.hierarchical.NodeTestTask.execute(NodeTestTask.java:80)
	at java.util.ArrayList.forEach(ArrayList.java:1259)
	at org.junit.platform.engine.support.hierarchical.SameThreadHierarchicalTestExecutorService.invokeAll(SameThreadHierarchicalTestExecutorService.java:38)
	at org.junit.platform.engine.support.hierarchical.NodeTestTask.lambda$executeRecursively$5(NodeTestTask.java:139)
	at org.junit.platform.engine.support.hierarchical.ThrowableCollector.execute(ThrowableCollector.java:73)
	at org.junit.platform.engine.support.hierarchical.NodeTestTask.lambda$executeRecursively$7(NodeTestTask.java:125)
	at org.junit.platform.engine.support.hierarchical.Node.around(Node.java:135)
	at org.junit.platform.engine.support.hierarchical.NodeTestTask.lambda$executeRecursively$8(NodeTestTask.java:123)
	at org.junit.platform.engine.support.hierarchical.ThrowableCollector.execute(ThrowableCollector.java:73)
	at org.junit.platform.engine.support.hierarchical.NodeTestTask.executeRecursively(NodeTestTask.java:122)
	at org.junit.platform.engine.support.hierarchical.NodeTestTask.execute(NodeTestTask.java:80)
	at java.util.ArrayList.forEach(ArrayList.java:1259)
	at org.junit.platform.engine.support.hierarchical.SameThreadHierarchicalTestExecutorService.invokeAll(SameThreadHierarchicalTestExecutorService.java:38)
	at org.junit.platform.engine.support.hierarchical.NodeTestTask.lambda$executeRecursively$5(NodeTestTask.java:139)
	at org.junit.platform.engine.support.hierarchical.ThrowableCollector.execute(ThrowableCollector.java:73)
	at org.junit.platform.engine.support.hierarchical.NodeTestTask.lambda$executeRecursively$7(NodeTestTask.java:125)
	at org.junit.platform.engine.support.hierarchical.Node.around(Node.java:135)
	at org.junit.platform.engine.support.hierarchical.NodeTestTask.lambda$executeRecursively$8(NodeTestTask.java:123)
	at org.junit.platform.engine.support.hierarchical.ThrowableCollector.execute(ThrowableCollector.java:73)
	at org.junit.platform.engine.support.hierarchical.NodeTestTask.executeRecursively(NodeTestTask.java:122)
	at org.junit.platform.engine.support.hierarchical.NodeTestTask.execute(NodeTestTask.java:80)
	at org.junit.platform.engine.support.hierarchical.SameThreadHierarchicalTestExecutorService.submit(SameThreadHierarchicalTestExecutorService.java:32)
	at org.junit.platform.engine.support.hierarchical.HierarchicalTestExecutor.execute(HierarchicalTestExecutor.java:57)
	at org.junit.platform.engine.support.hierarchical.HierarchicalTestEngine.execute(HierarchicalTestEngine.java:51)
	at org.junit.platform.launcher.core.EngineExecutionOrchestrator.execute(EngineExecutionOrchestrator.java:107)
	at org.junit.platform.launcher.core.EngineExecutionOrchestrator.execute(EngineExecutionOrchestrator.java:88)
	at org.junit.platform.launcher.core.EngineExecutionOrchestrator.lambda$execute$0(EngineExecutionOrchestrator.java:54)
	at org.junit.platform.launcher.core.EngineExecutionOrchestrator.withInterceptedStreams(EngineExecutionOrchestrator.java:67)
	at org.junit.platform.launcher.core.EngineExecutionOrchestrator.execute(EngineExecutionOrchestrator.java:52)
	at org.junit.platform.launcher.core.DefaultLauncher.execute(DefaultLauncher.java:114)
	at org.junit.platform.launcher.core.DefaultLauncher.execute(DefaultLauncher.java:86)
	at org.junit.platform.launcher.core.DefaultLauncherSession$DelegatingLauncher.execute(DefaultLauncherSession.java:86)
	at org.gradle.api.internal.tasks.testing.junitplatform.JUnitPlatformTestClassProcessor$CollectAllTestClassesExecutor.processAllTestClasses(JUnitPlatformTestClassProcessor.java:124)
	at org.gradle.api.internal.tasks.testing.junitplatform.JUnitPlatformTestClassProcessor$CollectAllTestClassesExecutor.access$000(JUnitPlatformTestClassProcessor.java:99)
	at org.gradle.api.internal.tasks.testing.junitplatform.JUnitPlatformTestClassProcessor.stop(JUnitPlatformTestClassProcessor.java:94)
	at org.gradle.api.internal.tasks.testing.SuiteTestClassProcessor.stop(SuiteTestClassProcessor.java:63)
	at sun.reflect.NativeMethodAccessorImpl.invoke0(Native Method)
	at sun.reflect.NativeMethodAccessorImpl.invoke(NativeMethodAccessorImpl.java:62)
	at sun.reflect.DelegatingMethodAccessorImpl.invoke(DelegatingMethodAccessorImpl.java:43)
	at java.lang.reflect.Method.invoke(Method.java:498)
	at org.gradle.internal.dispatch.ReflectionDispatch.dispatch(ReflectionDispatch.java:36)
	at org.gradle.internal.dispatch.ReflectionDispatch.dispatch(ReflectionDispatch.java:24)
	at org.gradle.internal.dispatch.ContextClassLoaderDispatch.dispatch(ContextClassLoaderDispatch.java:33)
	at org.gradle.internal.dispatch.ProxyDispatchAdapter$DispatchingInvocationHandler.invoke(ProxyDispatchAdapter.java:92)
	at com.sun.proxy.$Proxy4.stop(Unknown Source)
	at org.gradle.api.internal.tasks.testing.worker.TestWorker$3.run(TestWorker.java:200)
	at org.gradle.api.internal.tasks.testing.worker.TestWorker.executeAndMaintainThreadName(TestWorker.java:132)
	at org.gradle.api.internal.tasks.testing.worker.TestWorker.execute(TestWorker.java:103)
	at org.gradle.api.internal.tasks.testing.worker.TestWorker.execute(TestWorker.java:63)
	at org.gradle.process.internal.worker.child.ActionExecutionWorker.execute(ActionExecutionWorker.java:56)
	at org.gradle.process.internal.worker.child.SystemApplicationClassLoaderWorker.call(SystemApplicationClassLoaderWorker.java:121)
	at org.gradle.process.internal.worker.child.SystemApplicationClassLoaderWorker.call(SystemApplicationClassLoaderWorker.java:71)
	at worker.org.gradle.process.internal.worker.GradleWorkerMain.run(GradleWorkerMain.java:69)
	at worker.org.gradle.process.internal.worker.GradleWorkerMain.main(GradleWorkerMain.java:74)
</failure>
  </testcase>
  <testcase name="testBallAcceleration()" classname="inkball.BallTest" time="5.441"/>
  <testcase name="testBallColorChangeOnDifferentWalls()" classname="inkball.BallTest" time="6.505"/>
  <testcase name="testBallLineCollision()" classname="inkball.BallTest" time="7.686">
    <failure message="org.opentest4j.AssertionFailedError: X velocity should reflect after collision. ==&gt; expected: &lt;-2.0&gt; but was: &lt;2.0&gt;" type="org.opentest4j.AssertionFailedError">org.opentest4j.AssertionFailedError: X velocity should reflect after collision. ==&gt; expected: &lt;-2.0&gt; but was: &lt;2.0&gt;
	at org.junit.jupiter.api.AssertionUtils.fail(AssertionUtils.java:55)
	at org.junit.jupiter.api.AssertionUtils.failNotEqual(AssertionUtils.java:62)
	at org.junit.jupiter.api.AssertEquals.assertEquals(AssertEquals.java:102)
	at org.junit.jupiter.api.Assertions.assertEquals(Assertions.java:754)
	at inkball.BallTest.testBallLineCollision(balltest.java:59)
	at sun.reflect.NativeMethodAccessorImpl.invoke0(Native Method)
	at sun.reflect.NativeMethodAccessorImpl.invoke(NativeMethodAccessorImpl.java:62)
	at sun.reflect.DelegatingMethodAccessorImpl.invoke(DelegatingMethodAccessorImpl.java:43)
	at java.lang.reflect.Method.invoke(Method.java:498)
	at org.junit.platform.commons.util.ReflectionUtils.invokeMethod(ReflectionUtils.java:686)
	at org.junit.jupiter.engine.execution.MethodInvocation.proceed(MethodInvocation.java:60)
	at org.junit.jupiter.engine.execution.InvocationInterceptorChain$ValidatingInvocation.proceed(InvocationInterceptorChain.java:131)
	at org.junit.jupiter.engine.extension.TimeoutExtension.intercept(TimeoutExtension.java:149)
	at org.junit.jupiter.engine.extension.TimeoutExtension.interceptTestableMethod(TimeoutExtension.java:140)
	at org.junit.jupiter.engine.extension.TimeoutExtension.interceptTestMethod(TimeoutExtension.java:84)
	at org.junit.jupiter.engine.execution.ExecutableInvoker$ReflectiveInterceptorCall.lambda$ofVoidMethod$0(ExecutableInvoker.java:115)
	at org.junit.jupiter.engine.execution.ExecutableInvoker.lambda$invoke$0(ExecutableInvoker.java:105)
	at org.junit.jupiter.engine.execution.InvocationInterceptorChain$InterceptedInvocation.proceed(InvocationInterceptorChain.java:106)
	at org.junit.jupiter.engine.execution.InvocationInterceptorChain.proceed(InvocationInterceptorChain.java:64)
	at org.junit.jupiter.engine.execution.InvocationInterceptorChain.chainAndInvoke(InvocationInterceptorChain.java:45)
	at org.junit.jupiter.engine.execution.InvocationInterceptorChain.invoke(InvocationInterceptorChain.java:37)
	at org.junit.jupiter.engine.execution.ExecutableInvoker.invoke(ExecutableInvoker.java:104)
	at org.junit.jupiter.engine.execution.ExecutableInvoker.invoke(ExecutableInvoker.java:98)
	at org.junit.jupiter.engine.descriptor.TestMethodTestDescriptor.lambda$invokeTestMethod$6(TestMethodTestDescriptor.java:212)
	at org.junit.platform.engine.support.hierarchical.ThrowableCollector.execute(ThrowableCollector.java:73)
	at org.junit.jupiter.engine.descriptor.TestMethodTestDescriptor.invokeTestMethod(TestMethodTestDescriptor.java:208)
	at org.junit.jupiter.engine.descriptor.TestMethodTestDescriptor.execute(TestMethodTestDescriptor.java:137)
	at org.junit.jupiter.engine.descriptor.TestMethodTestDescriptor.execute(TestMethodTestDescriptor.java:71)
	at org.junit.platform.engine.support.hierarchical.NodeTestTask.lambda$executeRecursively$5(NodeTestTask.java:135)
	at org.junit.platform.engine.support.hierarchical.ThrowableCollector.execute(ThrowableCollector.java:73)
	at org.junit.platform.engine.support.hierarchical.NodeTestTask.lambda$executeRecursively$7(NodeTestTask.java:125)
	at org.junit.platform.engine.support.hierarchical.Node.around(Node.java:135)
	at org.junit.platform.engine.support.hierarchical.NodeTestTask.lambda$executeRecursively$8(NodeTestTask.java:123)
	at org.junit.platform.engine.support.hierarchical.ThrowableCollector.execute(ThrowableCollector.java:73)
	at org.junit.platform.engine.support.hierarchical.NodeTestTask.executeRecursively(NodeTestTask.java:122)
	at org.junit.platform.engine.support.hierarchical.NodeTestTask.execute(NodeTestTask.java:80)
	at java.util.ArrayList.forEach(ArrayList.java:1259)
	at org.junit.platform.engine.support.hierarchical.SameThreadHierarchicalTestExecutorService.invokeAll(SameThreadHierarchicalTestExecutorService.java:38)
	at org.junit.platform.engine.support.hierarchical.NodeTestTask.lambda$executeRecursively$5(NodeTestTask.java:139)
	at org.junit.platform.engine.support.hierarchical.ThrowableCollector.execute(ThrowableCollector.java:73)
	at org.junit.platform.engine.support.hierarchical.NodeTestTask.lambda$executeRecursively$7(NodeTestTask.java:125)
	at org.junit.platform.engine.support.hierarchical.Node.around(Node.java:135)
	at org.junit.platform.engine.support.hierarchical.NodeTestTask.lambda$executeRecursively$8(NodeTestTask.java:123)
	at org.junit.platform.engine.support.hierarchical.ThrowableCollector.execute(ThrowableCollector.java:73)
	at org.junit.platform.engine.support.hierarchical.NodeTestTask.executeRecursively(NodeTestTask.java:122)
	at org.junit.platform.engine.support.hierarchical.NodeTestTask.execute(NodeTestTask.java:80)
	at java.util.ArrayList.forEach(ArrayList.java:1259)
	at org.junit.platform.engine.support.hierarchical.SameThreadHierarchicalTestExecutorService.invokeAll(SameThreadHierarchicalTestExecutorService.java:38)
	at org.junit.platform.engine.support.hierarchical.NodeTestTask.lambda$executeRecursively$5(NodeTestTask.java:139)
	at org.junit.platform.engine.support.hierarchical.ThrowableCollector.execute(ThrowableCollector.java:73)
	at org.junit.platform.engine.support.hierarchical.NodeTestTask.lambda$executeRecursively$7(NodeTestTask.java:125)
	at org.junit.platform.engine.support.hierarchical.Node.around(Node.java:135)
	at org.junit.platform.engine.support.hierarchical.NodeTestTask.lambda$executeRecursively$8(NodeTestTask.java:123)
	at org.junit.platform.engine.support.hierarchical.ThrowableCollector.execute(ThrowableCollector.java:73)
	at org.junit.platform.engine.support.hierarchical.NodeTestTask.executeRecursively(NodeTestTask.java:122)
	at org.junit.platform.engine.support.hierarchical.NodeTestTask.execute(NodeTestTask.java:80)
	at org.junit.platform.engine.support.hierarchical.SameThreadHierarchicalTestExecutorService.submit(SameThreadHierarchicalTestExecutorService.java:32)
	at org.junit.platform.engine.support.hierarchical.HierarchicalTestExecutor.execute(HierarchicalTestExecutor.java:57)
	at org.junit.platform.engine.support.hierarchical.HierarchicalTestEngine.execute(HierarchicalTestEngine.java:51)
	at org.junit.platform.launcher.core.EngineExecutionOrchestrator.execute(EngineExecutionOrchestrator.java:107)
	at org.junit.platform.launcher.core.EngineExecutionOrchestrator.execute(EngineExecutionOrchestrator.java:88)
	at org.junit.platform.launcher.core.EngineExecutionOrchestrator.lambda$execute$0(EngineExecutionOrchestrator.java:54)
	at org.junit.platform.launcher.core.EngineExecutionOrchestrator.withInterceptedStreams(EngineExecutionOrchestrator.java:67)
	at org.junit.platform.launcher.core.EngineExecutionOrchestrator.execute(EngineExecutionOrchestrator.java:52)
	at org.junit.platform.launcher.core.DefaultLauncher.execute(DefaultLauncher.java:114)
	at org.junit.platform.launcher.core.DefaultLauncher.execute(DefaultLauncher.java:86)
	at org.junit.platform.launcher.core.DefaultLauncherSession$DelegatingLauncher.execute(DefaultLauncherSession.java:86)
	at org.gradle.api.internal.tasks.testing.junitplatform.JUnitPlatformTestClassProcessor$CollectAllTestClassesExecutor.processAllTestClasses(JUnitPlatformTestClassProcessor.java:124)
	at org.gradle.api.internal.tasks.testing.junitplatform.JUnitPlatformTestClassProcessor$CollectAllTestClassesExecutor.access$000(JUnitPlatformTestClassProcessor.java:99)
	at org.gradle.api.internal.tasks.testing.junitplatform.JUnitPlatformTestClassProcessor.stop(JUnitPlatformTestClassProcessor.java:94)
	at org.gradle.api.internal.tasks.testing.SuiteTestClassProcessor.stop(SuiteTestClassProcessor.java:63)
	at sun.reflect.NativeMethodAccessorImpl.invoke0(Native Method)
	at sun.reflect.NativeMethodAccessorImpl.invoke(NativeMethodAccessorImpl.java:62)
	at sun.reflect.DelegatingMethodAccessorImpl.invoke(DelegatingMethodAccessorImpl.java:43)
	at java.lang.reflect.Method.invoke(Method.java:498)
	at org.gradle.internal.dispatch.ReflectionDispatch.dispatch(ReflectionDispatch.java:36)
	at org.gradle.internal.dispatch.ReflectionDispatch.dispatch(ReflectionDispatch.java:24)
	at org.gradle.internal.dispatch.ContextClassLoaderDispatch.dispatch(ContextClassLoaderDispatch.java:33)
	at org.gradle.internal.dispatch.ProxyDispatchAdapter$DispatchingInvocationHandler.invoke(ProxyDispatchAdapter.java:92)
	at com.sun.proxy.$Proxy4.stop(Unknown Source)
	at org.gradle.api.internal.tasks.testing.worker.TestWorker$3.run(TestWorker.java:200)
	at org.gradle.api.internal.tasks.testing.worker.TestWorker.executeAndMaintainThreadName(TestWorker.java:132)
	at org.gradle.api.internal.tasks.testing.worker.TestWorker.execute(TestWorker.java:103)
	at org.gradle.api.internal.tasks.testing.worker.TestWorker.execute(TestWorker.java:63)
	at org.gradle.process.internal.worker.child.ActionExecutionWorker.execute(ActionExecutionWorker.java:56)
	at org.gradle.process.internal.worker.child.SystemApplicationClassLoaderWorker.call(SystemApplicationClassLoaderWorker.java:121)
	at org.gradle.process.internal.worker.child.SystemApplicationClassLoaderWorker.call(SystemApplicationClassLoaderWorker.java:71)
	at worker.org.gradle.process.internal.worker.GradleWorkerMain.run(GradleWorkerMain.java:69)
	at worker.org.gradle.process.internal.worker.GradleWorkerMain.main(GradleWorkerMain.java:74)
</failure>
  </testcase>
  <testcase name="testBallUpdate()" classname="inkball.BallTest" time="9.336"/>
  <testcase name="testBallColorChange()" classname="inkball.BallTest" time="9.583"/>
  <testcase name="testGreyBallRespawn()" classname="inkball.BallTest" time="11.387"/>
  <testcase name="testBallAccelerationTileCollision()" classname="inkball.BallTest" time="13.36">
    <failure message="org.opentest4j.AssertionFailedError: Ball velocity should increase after hitting acceleration tile. ==&gt; expected: &lt;true&gt; but was: &lt;false&gt;" type="org.opentest4j.AssertionFailedError">org.opentest4j.AssertionFailedError: Ball velocity should increase after hitting acceleration tile. ==&gt; expected: &lt;true&gt; but was: &lt;false&gt;
	at org.junit.jupiter.api.AssertionUtils.fail(AssertionUtils.java:55)
	at org.junit.jupiter.api.AssertTrue.assertTrue(AssertTrue.java:40)
	at org.junit.jupiter.api.Assertions.assertTrue(Assertions.java:193)
	at inkball.BallTest.testBallAccelerationTileCollision(balltest.java:202)
	at sun.reflect.NativeMethodAccessorImpl.invoke0(Native Method)
	at sun.reflect.NativeMethodAccessorImpl.invoke(NativeMethodAccessorImpl.java:62)
	at sun.reflect.DelegatingMethodAccessorImpl.invoke(DelegatingMethodAccessorImpl.java:43)
	at java.lang.reflect.Method.invoke(Method.java:498)
	at org.junit.platform.commons.util.ReflectionUtils.invokeMethod(ReflectionUtils.java:686)
	at org.junit.jupiter.engine.execution.MethodInvocation.proceed(MethodInvocation.java:60)
	at org.junit.jupiter.engine.execution.InvocationInterceptorChain$ValidatingInvocation.proceed(InvocationInterceptorChain.java:131)
	at org.junit.jupiter.engine.extension.TimeoutExtension.intercept(TimeoutExtension.java:149)
	at org.junit.jupiter.engine.extension.TimeoutExtension.interceptTestableMethod(TimeoutExtension.java:140)
	at org.junit.jupiter.engine.extension.TimeoutExtension.interceptTestMethod(TimeoutExtension.java:84)
	at org.junit.jupiter.engine.execution.ExecutableInvoker$ReflectiveInterceptorCall.lambda$ofVoidMethod$0(ExecutableInvoker.java:115)
	at org.junit.jupiter.engine.execution.ExecutableInvoker.lambda$invoke$0(ExecutableInvoker.java:105)
	at org.junit.jupiter.engine.execution.InvocationInterceptorChain$InterceptedInvocation.proceed(InvocationInterceptorChain.java:106)
	at org.junit.jupiter.engine.execution.InvocationInterceptorChain.proceed(InvocationInterceptorChain.java:64)
	at org.junit.jupiter.engine.execution.InvocationInterceptorChain.chainAndInvoke(InvocationInterceptorChain.java:45)
	at org.junit.jupiter.engine.execution.InvocationInterceptorChain.invoke(InvocationInterceptorChain.java:37)
	at org.junit.jupiter.engine.execution.ExecutableInvoker.invoke(ExecutableInvoker.java:104)
	at org.junit.jupiter.engine.execution.ExecutableInvoker.invoke(ExecutableInvoker.java:98)
	at org.junit.jupiter.engine.descriptor.TestMethodTestDescriptor.lambda$invokeTestMethod$6(TestMethodTestDescriptor.java:212)
	at org.junit.platform.engine.support.hierarchical.ThrowableCollector.execute(ThrowableCollector.java:73)
	at org.junit.jupiter.engine.descriptor.TestMethodTestDescriptor.invokeTestMethod(TestMethodTestDescriptor.java:208)
	at org.junit.jupiter.engine.descriptor.TestMethodTestDescriptor.execute(TestMethodTestDescriptor.java:137)
	at org.junit.jupiter.engine.descriptor.TestMethodTestDescriptor.execute(TestMethodTestDescriptor.java:71)
	at org.junit.platform.engine.support.hierarchical.NodeTestTask.lambda$executeRecursively$5(NodeTestTask.java:135)
	at org.junit.platform.engine.support.hierarchical.ThrowableCollector.execute(ThrowableCollector.java:73)
	at org.junit.platform.engine.support.hierarchical.NodeTestTask.lambda$executeRecursively$7(NodeTestTask.java:125)
	at org.junit.platform.engine.support.hierarchical.Node.around(Node.java:135)
	at org.junit.platform.engine.support.hierarchical.NodeTestTask.lambda$executeRecursively$8(NodeTestTask.java:123)
	at org.junit.platform.engine.support.hierarchical.ThrowableCollector.execute(ThrowableCollector.java:73)
	at org.junit.platform.engine.support.hierarchical.NodeTestTask.executeRecursively(NodeTestTask.java:122)
	at org.junit.platform.engine.support.hierarchical.NodeTestTask.execute(NodeTestTask.java:80)
	at java.util.ArrayList.forEach(ArrayList.java:1259)
	at org.junit.platform.engine.support.hierarchical.SameThreadHierarchicalTestExecutorService.invokeAll(SameThreadHierarchicalTestExecutorService.java:38)
	at org.junit.platform.engine.support.hierarchical.NodeTestTask.lambda$executeRecursively$5(NodeTestTask.java:139)
	at org.junit.platform.engine.support.hierarchical.ThrowableCollector.execute(ThrowableCollector.java:73)
	at org.junit.platform.engine.support.hierarchical.NodeTestTask.lambda$executeRecursively$7(NodeTestTask.java:125)
	at org.junit.platform.engine.support.hierarchical.Node.around(Node.java:135)
	at org.junit.platform.engine.support.hierarchical.NodeTestTask.lambda$executeRecursively$8(NodeTestTask.java:123)
	at org.junit.platform.engine.support.hierarchical.ThrowableCollector.execute(ThrowableCollector.java:73)
	at org.junit.platform.engine.support.hierarchical.NodeTestTask.executeRecursively(NodeTestTask.java:122)
	at org.junit.platform.engine.support.hierarchical.NodeTestTask.execute(NodeTestTask.java:80)
	at java.util.ArrayList.forEach(ArrayList.java:1259)
	at org.junit.platform.engine.support.hierarchical.SameThreadHierarchicalTestExecutorService.invokeAll(SameThreadHierarchicalTestExecutorService.java:38)
	at org.junit.platform.engine.support.hierarchical.NodeTestTask.lambda$executeRecursively$5(NodeTestTask.java:139)
	at org.junit.platform.engine.support.hierarchical.ThrowableCollector.execute(ThrowableCollector.java:73)
	at org.junit.platform.engine.support.hierarchical.NodeTestTask.lambda$executeRecursively$7(NodeTestTask.java:125)
	at org.junit.platform.engine.support.hierarchical.Node.around(Node.java:135)
	at org.junit.platform.engine.support.hierarchical.NodeTestTask.lambda$executeRecursively$8(NodeTestTask.java:123)
	at org.junit.platform.engine.support.hierarchical.ThrowableCollector.execute(ThrowableCollector.java:73)
	at org.junit.platform.engine.support.hierarchical.NodeTestTask.executeRecursively(NodeTestTask.java:122)
	at org.junit.platform.engine.support.hierarchical.NodeTestTask.execute(NodeTestTask.java:80)
	at org.junit.platform.engine.support.hierarchical.SameThreadHierarchicalTestExecutorService.submit(SameThreadHierarchicalTestExecutorService.java:32)
	at org.junit.platform.engine.support.hierarchical.HierarchicalTestExecutor.execute(HierarchicalTestExecutor.java:57)
	at org.junit.platform.engine.support.hierarchical.HierarchicalTestEngine.execute(HierarchicalTestEngine.java:51)
	at org.junit.platform.launcher.core.EngineExecutionOrchestrator.execute(EngineExecutionOrchestrator.java:107)
	at org.junit.platform.launcher.core.EngineExecutionOrchestrator.execute(EngineExecutionOrchestrator.java:88)
	at org.junit.platform.launcher.core.EngineExecutionOrchestrator.lambda$execute$0(EngineExecutionOrchestrator.java:54)
	at org.junit.platform.launcher.core.EngineExecutionOrchestrator.withInterceptedStreams(EngineExecutionOrchestrator.java:67)
	at org.junit.platform.launcher.core.EngineExecutionOrchestrator.execute(EngineExecutionOrchestrator.java:52)
	at org.junit.platform.launcher.core.DefaultLauncher.execute(DefaultLauncher.java:114)
	at org.junit.platform.launcher.core.DefaultLauncher.execute(DefaultLauncher.java:86)
	at org.junit.platform.launcher.core.DefaultLauncherSession$DelegatingLauncher.execute(DefaultLauncherSession.java:86)
	at org.gradle.api.internal.tasks.testing.junitplatform.JUnitPlatformTestClassProcessor$CollectAllTestClassesExecutor.processAllTestClasses(JUnitPlatformTestClassProcessor.java:124)
	at org.gradle.api.internal.tasks.testing.junitplatform.JUnitPlatformTestClassProcessor$CollectAllTestClassesExecutor.access$000(JUnitPlatformTestClassProcessor.java:99)
	at org.gradle.api.internal.tasks.testing.junitplatform.JUnitPlatformTestClassProcessor.stop(JUnitPlatformTestClassProcessor.java:94)
	at org.gradle.api.internal.tasks.testing.SuiteTestClassProcessor.stop(SuiteTestClassProcessor.java:63)
	at sun.reflect.NativeMethodAccessorImpl.invoke0(Native Method)
	at sun.reflect.NativeMethodAccessorImpl.invoke(NativeMethodAccessorImpl.java:62)
	at sun.reflect.DelegatingMethodAccessorImpl.invoke(DelegatingMethodAccessorImpl.java:43)
	at java.lang.reflect.Method.invoke(Method.java:498)
	at org.gradle.internal.dispatch.ReflectionDispatch.dispatch(ReflectionDispatch.java:36)
	at org.gradle.internal.dispatch.ReflectionDispatch.dispatch(ReflectionDispatch.java:24)
	at org.gradle.internal.dispatch.ContextClassLoaderDispatch.dispatch(ContextClassLoaderDispatch.java:33)
	at org.gradle.internal.dispatch.ProxyDispatchAdapter$DispatchingInvocationHandler.invoke(ProxyDispatchAdapter.java:92)
	at com.sun.proxy.$Proxy4.stop(Unknown Source)
	at org.gradle.api.internal.tasks.testing.worker.TestWorker$3.run(TestWorker.java:200)
	at org.gradle.api.internal.tasks.testing.worker.TestWorker.executeAndMaintainThreadName(TestWorker.java:132)
	at org.gradle.api.internal.tasks.testing.worker.TestWorker.execute(TestWorker.java:103)
	at org.gradle.api.internal.tasks.testing.worker.TestWorker.execute(TestWorker.java:63)
	at org.gradle.process.internal.worker.child.ActionExecutionWorker.execute(ActionExecutionWorker.java:56)
	at org.gradle.process.internal.worker.child.SystemApplicationClassLoaderWorker.call(SystemApplicationClassLoaderWorker.java:121)
	at org.gradle.process.internal.worker.child.SystemApplicationClassLoaderWorker.call(SystemApplicationClassLoaderWorker.java:71)
	at worker.org.gradle.process.internal.worker.GradleWorkerMain.run(GradleWorkerMain.java:69)
	at worker.org.gradle.process.internal.worker.GradleWorkerMain.main(GradleWorkerMain.java:74)
</failure>
  </testcase>
  <system-out><![CDATA[Spawners found: 8
Spawners found: 8
Spawners found: 1
Spawners found: 8
Spawners found: 8
Spawners found: 1
Spawners found: 8
Spawners found: 8
Spawners found: 1
Spawners found: 8
Spawners found: 8
Spawners found: 1
Spawners found: 8
Spawners found: 8
Spawners found: 1
Spawners found: 0
Spawners found: 4
Spawners found: 1
Spawners found: 8
Spawners found: 8
Spawners found: 1
Spawners found: 8
Spawners found: 8
Spawners found: 1
Ball Color: blue
Hole Color: blue
Ball absorbed with matching color!
Spawners found: 8
Spawners found: 8
Spawners found: 1
Spawners found: 8
Spawners found: 8
Spawners found: 1
Ball Color: grey
Hole Color: blue
Ball absorbed with matching color!
Ball Color: blue
Hole Color: blue
Ball absorbed with matching color!
Ball Color: blue
Hole Color: blue
Ball absorbed with matching color!
Ball Color: blue
Hole Color: blue
Ball absorbed with matching color!
Ball Color: orange
Hole Color: blue
Ball failed to match. Respawning and deducting score.
Ball Color: orange
Hole Color: blue
Ball failed to match. Respawning and deducting score.
Ball Color: orange
Hole Color: blue
Ball failed to match. Respawning and deducting score.
Ball Color: orange
Hole Color: blue
Ball failed to match. Respawning and deducting score.
Ball Color: orange
Hole Color: blue
Ball failed to match. Respawning and deducting score.
Ball Color: orange
Hole Color: blue
Ball failed to match. Respawning and deducting score.
Ball Color: orange
Hole Color: blue
Ball failed to match. Respawning and deducting score.
Ball Color: orange
Hole Color: blue
Ball failed to match. Respawning and deducting score.
Ball Color: orange
Hole Color: blue
Ball failed to match. Respawning and deducting score.
Ball Color: orange
Hole Color: blue
Ball failed to match. Respawning and deducting score.
Ball Color: orange
Hole Color: blue
Ball failed to match. Respawning and deducting score.
Ball Color: orange
Hole Color: blue
Ball failed to match. Respawning and deducting score.
Ball Color: orange
Hole Color: blue
Ball failed to match. Respawning and deducting score.
Ball Color: orange
Hole Color: blue
Ball failed to match. Respawning and deducting score.
Spawners found: 8
Spawners found: 8
Spawners found: 1
Ball Color: orange
Hole Color: blue
Ball failed to match. Respawning and deducting score.
Ball Color: orange
Hole Color: blue
Ball failed to match. Respawning and deducting score.
Ball Color: orange
Hole Color: blue
Ball failed to match. Respawning and deducting score.
Ball Color: orange
Hole Color: blue
Ball failed to match. Respawning and deducting score.
Ball Color: orange
Hole Color: blue
Ball failed to match. Respawning and deducting score.
Ball Color: orange
Hole Color: blue
Ball failed to match. Respawning and deducting score.
Ball Color: orange
Hole Color: blue
Ball failed to match. Respawning and deducting score.
Ball Color: orange
Hole Color: blue
Ball failed to match. Respawning and deducting score.
Ball Color: blue
Hole Color: blue
Ball absorbed with matching color!
Ball Color: blue
Hole Color: blue
Ball absorbed with matching color!
Ball Color: blue
Hole Color: blue
Ball absorbed with matching color!
Ball Color: orange
Hole Color: blue
Ball failed to match. Respawning and deducting score.
Ball Color: orange
Hole Color: blue
Ball failed to match. Respawning and deducting score.
Ball Color: orange
Hole Color: blue
Ball failed to match. Respawning and deducting score.
Ball Color: orange
Hole Color: blue
Ball failed to match. Respawning and deducting score.
Ball Color: orange
Hole Color: blue
Ball failed to match. Respawning and deducting score.
Ball Color: orange
Hole Color: blue
Ball failed to match. Respawning and deducting score.
Ball Color: orange
Hole Color: blue
Ball failed to match. Respawning and deducting score.
Ball Color: orange
Hole Color: blue
Ball failed to match. Respawning and deducting score.
Ball Color: orange
Hole Color: blue
Ball failed to match. Respawning and deducting score.
Ball Color: orange
Hole Color: blue
Ball failed to match. Respawning and deducting score.
Ball Color: orange
Hole Color: blue
Ball failed to match. Respawning and deducting score.
Ball Color: orange
Hole Color: blue
Ball failed to match. Respawning and deducting score.
Ball Color: orange
Hole Color: blue
Ball failed to match. Respawning and deducting score.
Ball Color: orange
Hole Color: blue
Ball failed to match. Respawning and deducting score.
Ball Color: orange
Hole Color: blue
Ball failed to match. Respawning and deducting score.
Ball Color: orange
Hole Color: blue
Ball failed to match. Respawning and deducting score.
Ball Color: orange
Hole Color: blue
Ball failed to match. Respawning and deducting score.
Ball Color: orange
Hole Color: blue
Ball failed to match. Respawning and deducting score.
Ball Color: orange
Hole Color: blue
Ball failed to match. Respawning and deducting score.
Ball Color: orange
Hole Color: blue
Ball failed to match. Respawning and deducting score.
Ball Color: orange
Hole Color: blue
Ball failed to match. Respawning and deducting score.
Ball Color: orange
Hole Color: blue
Ball failed to match. Respawning and deducting score.
Ball Color: blue
Hole Color: grey
Ball absorbed with matching color!
Ball Color: blue
Hole Color: grey
Ball absorbed with matching color!
Ball Color: blue
Hole Color: grey
Ball absorbed with matching color!
Ball Color: blue
Hole Color: blue
Ball absorbed with matching color!
Spawners found: 8
Spawners found: 8
Spawners found: 1
Ball Color: yellow
Hole Color: blue
Ball failed to match. Respawning and deducting score.
Ball Color: orange
Hole Color: blue
Ball failed to match. Respawning and deducting score.
Ball Color: orange
Hole Color: blue
Ball failed to match. Respawning and deducting score.
Ball Color: orange
Hole Color: blue
Ball failed to match. Respawning and deducting score.
Ball Color: orange
Hole Color: blue
Ball failed to match. Respawning and deducting score.
Ball Color: orange
Hole Color: blue
Ball failed to match. Respawning and deducting score.
Ball Color: blue
Hole Color: blue
Ball absorbed with matching color!
Ball Color: blue
Hole Color: blue
Ball absorbed with matching color!
Ball Color: yellow
Hole Color: blue
Ball failed to match. Respawning and deducting score.
Ball Color: blue
Hole Color: blue
Ball absorbed with matching color!
Ball Color: blue
Hole Color: grey
Ball absorbed with matching color!
Ball Color: blue
Hole Color: blue
Ball absorbed with matching color!
Ball Color: yellow
Hole Color: blue
Ball failed to match. Respawning and deducting score.
Ball Color: orange
Hole Color: blue
Ball failed to match. Respawning and deducting score.
Ball Color: orange
Hole Color: blue
Ball failed to match. Respawning and deducting score.
Ball Color: orange
Hole Color: blue
Ball failed to match. Respawning and deducting score.
Ball Color: orange
Hole Color: blue
Ball failed to match. Respawning and deducting score.
Ball Color: orange
Hole Color: blue
Ball failed to match. Respawning and deducting score.
Ball Color: orange
Hole Color: grey
Ball absorbed with matching color!
Spawners found: 8
Spawners found: 8
Spawners found: 1
Ball Color: yellow
Hole Color: blue
Ball failed to match. Respawning and deducting score.
Ball Color: blue
Hole Color: grey
Ball absorbed with matching color!
Ball Color: blue
Hole Color: blue
Ball absorbed with matching color!
Ball Color: orange
Hole Color: blue
Ball failed to match. Respawning and deducting score.
Ball Color: orange
Hole Color: blue
Ball failed to match. Respawning and deducting score.
Ball Color: orange
Hole Color: blue
Ball failed to match. Respawning and deducting score.
Ball Color: orange
Hole Color: blue
Ball failed to match. Respawning and deducting score.
Ball Color: orange
Hole Color: blue
Ball failed to match. Respawning and deducting score.
Ball Color: yellow
Hole Color: blue
Ball failed to match. Respawning and deducting score.
Ball Color: orange
Hole Color: blue
Ball failed to match. Respawning and deducting score.
Ball Color: orange
Hole Color: blue
Ball failed to match. Respawning and deducting score.
Ball Color: orange
Hole Color: blue
Ball failed to match. Respawning and deducting score.
Ball Color: orange
Hole Color: blue
Ball failed to match. Respawning and deducting score.
Ball Color: orange
Hole Color: blue
Ball failed to match. Respawning and deducting score.
Ball Color: orange
Hole Color: blue
Ball failed to match. Respawning and deducting score.
Ball Color: orange
Hole Color: blue
Ball failed to match. Respawning and deducting score.
Ball Color: orange
Hole Color: blue
Ball failed to match. Respawning and deducting score.
Ball Color: orange
Hole Color: blue
Ball failed to match. Respawning and deducting score.
Ball Color: orange
Hole Color: blue
Ball failed to match. Respawning and deducting score.
Ball Color: orange
Hole Color: blue
Ball failed to match. Respawning and deducting score.
Ball Color: orange
Hole Color: blue
Ball failed to match. Respawning and deducting score.
Ball Color: orange
Hole Color: grey
Ball absorbed with matching color!
Ball Color: orange
Hole Color: blue
Ball failed to match. Respawning and deducting score.
Ball Color: orange
Hole Color: blue
Ball failed to match. Respawning and deducting score.
Ball Color: orange
Hole Color: blue
Ball failed to match. Respawning and deducting score.
Ball Color: orange
Hole Color: blue
Ball failed to match. Respawning and deducting score.
Ball Color: orange
Hole Color: blue
Ball failed to match. Respawning and deducting score.
Ball Color: orange
Hole Color: blue
Ball failed to match. Respawning and deducting score.
Ball Color: orange
Hole Color: blue
Ball failed to match. Respawning and deducting score.
Ball Color: orange
Hole Color: blue
Ball failed to match. Respawning and deducting score.
Ball Color: blue
Hole Color: grey
Ball absorbed with matching color!
Ball Color: orange
Hole Color: blue
Ball failed to match. Respawning and deducting score.
Ball Color: blue
Hole Color: blue
Ball absorbed with matching color!
Ball Color: yellow
Hole Color: blue
Ball failed to match. Respawning and deducting score.
Ball Color: blue
Hole Color: blue
Ball absorbed with matching color!
Ball Color: yellow
Hole Color: blue
Ball failed to match. Respawning and deducting score.
Ball Color: yellow
Hole Color: blue
Ball failed to match. Respawning and deducting score.
Ball Color: yellow
Hole Color: blue
Ball failed to match. Respawning and deducting score.
Ball Color: orange
Hole Color: blue
Ball failed to match. Respawning and deducting score.
Ball Color: yellow
Hole Color: blue
Ball failed to match. Respawning and deducting score.
Ball Color: yellow
Hole Color: blue
Ball failed to match. Respawning and deducting score.
Ball Color: orange
Hole Color: blue
Ball failed to match. Respawning and deducting score.
Ball Color: orange
Hole Color: blue
Ball failed to match. Respawning and deducting score.
Ball Color: yellow
Hole Color: blue
Ball failed to match. Respawning and deducting score.
Ball Color: orange
Hole Color: blue
Ball failed to match. Respawning and deducting score.
Spawners found: 8
Spawners found: 8
Spawners found: 1
Ball Color: yellow
Hole Color: blue
Ball failed to match. Respawning and deducting score.
Ball Color: orange
Hole Color: blue
Ball failed to match. Respawning and deducting score.
Ball Color: orange
Hole Color: blue
Ball failed to match. Respawning and deducting score.
Ball Color: orange
Hole Color: blue
Ball failed to match. Respawning and deducting score.
Ball Color: orange
Hole Color: blue
Ball failed to match. Respawning and deducting score.
Ball Color: orange
Hole Color: blue
Ball failed to match. Respawning and deducting score.
Ball Color: orange
Hole Color: blue
Ball failed to match. Respawning and deducting score.
Ball Color: orange
Hole Color: blue
Ball failed to match. Respawning and deducting score.
Ball Color: orange
Hole Color: blue
Ball failed to match. Respawning and deducting score.
Ball Color: orange
Hole Color: blue
Ball failed to match. Respawning and deducting score.
Ball Color: orange
Hole Color: blue
Ball failed to match. Respawning and deducting score.
Ball Color: orange
Hole Color: blue
Ball failed to match. Respawning and deducting score.
Ball Color: orange
Hole Color: blue
Ball failed to match. Respawning and deducting score.
Ball Color: blue
Hole Color: blue
Ball absorbed with matching color!
Ball Color: orange
Hole Color: blue
Ball failed to match. Respawning and deducting score.
Ball Color: orange
Hole Color: blue
Ball failed to match. Respawning and deducting score.
Ball Color: orange
Hole Color: blue
Ball failed to match. Respawning and deducting score.
Ball Color: orange
Hole Color: blue
Ball failed to match. Respawning and deducting score.
Ball Color: orange
Hole Color: blue
Ball failed to match. Respawning and deducting score.
Ball Color: orange
Hole Color: blue
Ball failed to match. Respawning and deducting score.
Ball Color: orange
Hole Color: blue
Ball failed to match. Respawning and deducting score.
Ball Color: orange
Hole Color: blue
Ball failed to match. Respawning and deducting score.
Ball Color: orange
Hole Color: blue
Ball failed to match. Respawning and deducting score.
Ball Color: orange
Hole Color: blue
Ball failed to match. Respawning and deducting score.
Ball Color: orange
Hole Color: blue
Ball failed to match. Respawning and deducting score.
Ball Color: orange
Hole Color: blue
Ball failed to match. Respawning and deducting score.
Ball Color: orange
Hole Color: blue
Ball failed to match. Respawning and deducting score.
Ball Color: orange
Hole Color: blue
Ball failed to match. Respawning and deducting score.
Ball Color: orange
Hole Color: blue
Ball failed to match. Respawning and deducting score.
Ball Color: orange
Hole Color: blue
Ball failed to match. Respawning and deducting score.
Ball Color: orange
Hole Color: blue
Ball failed to match. Respawning and deducting score.
Ball Color: orange
Hole Color: blue
Ball failed to match. Respawning and deducting score.
Ball Color: orange
Hole Color: blue
Ball failed to match. Respawning and deducting score.
Ball Color: orange
Hole Color: blue
Ball failed to match. Respawning and deducting score.
Ball Color: orange
Hole Color: blue
Ball failed to match. Respawning and deducting score.
Ball Color: orange
Hole Color: blue
Ball failed to match. Respawning and deducting score.
Ball Color: orange
Hole Color: blue
Ball failed to match. Respawning and deducting score.
Ball Color: orange
Hole Color: blue
Ball failed to match. Respawning and deducting score.
Ball Color: orange
Hole Color: blue
Ball failed to match. Respawning and deducting score.
Ball Color: orange
Hole Color: blue
Ball failed to match. Respawning and deducting score.
Ball Color: orange
Hole Color: blue
Ball failed to match. Respawning and deducting score.
Ball Color: orange
Hole Color: blue
Ball failed to match. Respawning and deducting score.
Ball Color: orange
Hole Color: blue
Ball failed to match. Respawning and deducting score.
Ball Color: orange
Hole Color: blue
Ball failed to match. Respawning and deducting score.
Ball Color: yellow
Hole Color: blue
Ball failed to match. Respawning and deducting score.
Ball Color: orange
Hole Color: blue
Ball failed to match. Respawning and deducting score.
Ball Color: orange
Hole Color: blue
Ball failed to match. Respawning and deducting score.
Ball Color: orange
Hole Color: blue
Ball failed to match. Respawning and deducting score.
Ball Color: orange
Hole Color: blue
Ball failed to match. Respawning and deducting score.
Ball Color: orange
Hole Color: blue
Ball failed to match. Respawning and deducting score.
Ball Color: orange
Hole Color: blue
Ball failed to match. Respawning and deducting score.
Ball Color: orange
Hole Color: blue
Ball failed to match. Respawning and deducting score.
Ball Color: orange
Hole Color: blue
Ball failed to match. Respawning and deducting score.
Ball Color: orange
Hole Color: blue
Ball failed to match. Respawning and deducting score.
Ball Color: orange
Hole Color: blue
Ball failed to match. Respawning and deducting score.
Ball Color: orange
Hole Color: blue
Ball failed to match. Respawning and deducting score.
Ball Color: orange
Hole Color: blue
Ball failed to match. Respawning and deducting score.
Ball Color: orange
Hole Color: blue
Ball failed to match. Respawning and deducting score.
Ball Color: orange
Hole Color: blue
Ball failed to match. Respawning and deducting score.
Ball Color: orange
Hole Color: blue
Ball failed to match. Respawning and deducting score.
Ball Color: orange
Hole Color: blue
Ball failed to match. Respawning and deducting score.
Ball Color: orange
Hole Color: blue
Ball failed to match. Respawning and deducting score.
Ball Color: yellow
Hole Color: blue
Ball failed to match. Respawning and deducting score.
Ball Color: orange
Hole Color: blue
Ball failed to match. Respawning and deducting score.
Ball Color: blue
Hole Color: blue
Ball absorbed with matching color!
Ball Color: orange
Hole Color: grey
Ball absorbed with matching color!
Ball Color: orange
Hole Color: blue
Ball failed to match. Respawning and deducting score.
Ball Color: blue
Hole Color: blue
Ball absorbed with matching color!
Ball Color: orange
Hole Color: blue
Ball failed to match. Respawning and deducting score.
Ball Color: orange
Hole Color: blue
Ball failed to match. Respawning and deducting score.
Ball Color: orange
Hole Color: blue
Ball failed to match. Respawning and deducting score.
Ball Color: orange
Hole Color: blue
Ball failed to match. Respawning and deducting score.
Ball Color: orange
Hole Color: blue
Ball failed to match. Respawning and deducting score.
Ball Color: yellow
Hole Color: blue
Ball failed to match. Respawning and deducting score.
Ball Color: yellow
Hole Color: blue
Ball failed to match. Respawning and deducting score.
Ball Color: orange
Hole Color: blue
Ball failed to match. Respawning and deducting score.
Ball Color: yellow
Hole Color: blue
Ball failed to match. Respawning and deducting score.
Ball Color: orange
Hole Color: blue
Ball failed to match. Respawning and deducting score.
Ball Color: yellow
Hole Color: blue
Ball failed to match. Respawning and deducting score.
Ball Color: orange
Hole Color: blue
Ball failed to match. Respawning and deducting score.
Ball Color: orange
Hole Color: blue
Ball failed to match. Respawning and deducting score.
Ball Color: yellow
Hole Color: blue
Ball failed to match. Respawning and deducting score.
Ball Color: orange
Hole Color: blue
Ball failed to match. Respawning and deducting score.
Ball Color: yellow
Hole Color: blue
Ball failed to match. Respawning and deducting score.
Ball Color: orange
Hole Color: blue
Ball failed to match. Respawning and deducting score.
Ball Color: yellow
Hole Color: blue
Ball failed to match. Respawning and deducting score.
Ball Color: orange
Hole Color: blue
Ball failed to match. Respawning and deducting score.
Ball Color: yellow
Hole Color: blue
Ball failed to match. Respawning and deducting score.
Ball Color: orange
Hole Color: blue
Ball failed to match. Respawning and deducting score.
Ball Color: yellow
Hole Color: blue
Ball failed to match. Respawning and deducting score.
Ball Color: orange
Hole Color: blue
Ball failed to match. Respawning and deducting score.
Ball Color: yellow
Hole Color: blue
Ball failed to match. Respawning and deducting score.
Ball Color: orange
Hole Color: blue
Ball failed to match. Respawning and deducting score.
Ball Color: orange
Hole Color: blue
Ball failed to match. Respawning and deducting score.
Ball Color: yellow
Hole Color: blue
Ball failed to match. Respawning and deducting score.
Ball Color: yellow
Hole Color: blue
Ball failed to match. Respawning and deducting score.
Ball Color: orange
Hole Color: blue
Ball failed to match. Respawning and deducting score.
Ball Color: orange
Hole Color: blue
Ball failed to match. Respawning and deducting score.
Ball Color: orange
Hole Color: blue
Ball failed to match. Respawning and deducting score.
Ball Color: yellow
Hole Color: blue
Ball failed to match. Respawning and deducting score.
Ball Color: orange
Hole Color: blue
Ball failed to match. Respawning and deducting score.
Ball Color: yellow
Hole Color: blue
Ball failed to match. Respawning and deducting score.
Ball Color: yellow
Hole Color: blue
Ball failed to match. Respawning and deducting score.
Ball Color: orange
Hole Color: blue
Ball failed to match. Respawning and deducting score.
Ball Color: yellow
Hole Color: blue
Ball failed to match. Respawning and deducting score.
Ball Color: orange
Hole Color: blue
Ball failed to match. Respawning and deducting score.
Ball Color: orange
Hole Color: blue
Ball failed to match. Respawning and deducting score.
Ball Color: orange
Hole Color: blue
Ball failed to match. Respawning and deducting score.
Ball Color: orange
Hole Color: blue
Ball failed to match. Respawning and deducting score.
Ball Color: orange
Hole Color: blue
Ball failed to match. Respawning and deducting score.
Ball Color: orange
Hole Color: orange
Ball absorbed with matching color!
Ball Color: orange
Hole Color: blue
Ball failed to match. Respawning and deducting score.
Ball Color: orange
Hole Color: blue
Ball failed to match. Respawning and deducting score.
Ball Color: orange
Hole Color: blue
Ball failed to match. Respawning and deducting score.
Ball Color: orange
Hole Color: blue
Ball failed to match. Respawning and deducting score.
Ball Color: orange
Hole Color: blue
Ball failed to match. Respawning and deducting score.
Ball Color: orange
Hole Color: blue
Ball failed to match. Respawning and deducting score.
Spawners found: 8
Spawners found: 8
Spawners found: 1
]]></system-out>
  <system-err><![CDATA[The file "/Users/a/Downloads/inkball_scaffold/src/main/resources/inkball/upArrow.png" is missing or inaccessible, make sure the URL is valid or that the file has been added to your sketch and is readable.
The file "/Users/a/Downloads/inkball_scaffold/src/main/resources/inkball/upArrow.png" is missing or inaccessible, make sure the URL is valid or that the file has been added to your sketch and is readable.
The file "/Users/a/Downloads/inkball_scaffold/src/main/resources/inkball/downArrow.png" is missing or inaccessible, make sure the URL is valid or that the file has been added to your sketch and is readable.
The file "/Users/a/Downloads/inkball_scaffold/src/main/resources/inkball/downArrow.png" is missing or inaccessible, make sure the URL is valid or that the file has been added to your sketch and is readable.
The file "/Users/a/Downloads/inkball_scaffold/src/main/resources/inkball/leftArrow.png" is missing or inaccessible, make sure the URL is valid or that the file has been added to your sketch and is readable.
The file "/Users/a/Downloads/inkball_scaffold/src/main/resources/inkball/leftArrow.png" is missing or inaccessible, make sure the URL is valid or that the file has been added to your sketch and is readable.
The file "/Users/a/Downloads/inkball_scaffold/src/main/resources/inkball/rightArrow.png" is missing or inaccessible, make sure the URL is valid or that the file has been added to your sketch and is readable.
The file "/Users/a/Downloads/inkball_scaffold/src/main/resources/inkball/rightArrow.png" is missing or inaccessible, make sure the URL is valid or that the file has been added to your sketch and is readable.
The file "/Users/a/Downloads/inkball_scaffold/src/main/resources/inkball/upArrow.png" is missing or inaccessible, make sure the URL is valid or that the file has been added to your sketch and is readable.
The file "/Users/a/Downloads/inkball_scaffold/src/main/resources/inkball/downArrow.png" is missing or inaccessible, make sure the URL is valid or that the file has been added to your sketch and is readable.
The file "/Users/a/Downloads/inkball_scaffold/src/main/resources/inkball/leftArrow.png" is missing or inaccessible, make sure the URL is valid or that the file has been added to your sketch and is readable.
The file "/Users/a/Downloads/inkball_scaffold/src/main/resources/inkball/rightArrow.png" is missing or inaccessible, make sure the URL is valid or that the file has been added to your sketch and is readable.
The file "/Users/a/Downloads/inkball_scaffold/src/main/resources/inkball/upArrow.png" is missing or inaccessible, make sure the URL is valid or that the file has been added to your sketch and is readable.
The file "/Users/a/Downloads/inkball_scaffold/src/main/resources/inkball/downArrow.png" is missing or inaccessible, make sure the URL is valid or that the file has been added to your sketch and is readable.
The file "/Users/a/Downloads/inkball_scaffold/src/main/resources/inkball/leftArrow.png" is missing or inaccessible, make sure the URL is valid or that the file has been added to your sketch and is readable.
The file "/Users/a/Downloads/inkball_scaffold/src/main/resources/inkball/rightArrow.png" is missing or inaccessible, make sure the URL is valid or that the file has been added to your sketch and is readable.
The file "/Users/a/Downloads/inkball_scaffold/src/main/resources/inkball/upArrow.png" is missing or inaccessible, make sure the URL is valid or that the file has been added to your sketch and is readable.
The file "/Users/a/Downloads/inkball_scaffold/src/main/resources/inkball/upArrow.png" is missing or inaccessible, make sure the URL is valid or that the file has been added to your sketch and is readable.
The file "/Users/a/Downloads/inkball_scaffold/src/main/resources/inkball/downArrow.png" is missing or inaccessible, make sure the URL is valid or that the file has been added to your sketch and is readable.
The file "/Users/a/Downloads/inkball_scaffold/src/main/resources/inkball/downArrow.png" is missing or inaccessible, make sure the URL is valid or that the file has been added to your sketch and is readable.
The file "/Users/a/Downloads/inkball_scaffold/src/main/resources/inkball/leftArrow.png" is missing or inaccessible, make sure the URL is valid or that the file has been added to your sketch and is readable.
The file "/Users/a/Downloads/inkball_scaffold/src/main/resources/inkball/leftArrow.png" is missing or inaccessible, make sure the URL is valid or that the file has been added to your sketch and is readable.
The file "/Users/a/Downloads/inkball_scaffold/src/main/resources/inkball/rightArrow.png" is missing or inaccessible, make sure the URL is valid or that the file has been added to your sketch and is readable.
The file "/Users/a/Downloads/inkball_scaffold/src/main/resources/inkball/rightArrow.png" is missing or inaccessible, make sure the URL is valid or that the file has been added to your sketch and is readable.
The file "/Users/a/Downloads/inkball_scaffold/src/main/resources/inkball/upArrow.png" is missing or inaccessible, make sure the URL is valid or that the file has been added to your sketch and is readable.
The file "/Users/a/Downloads/inkball_scaffold/src/main/resources/inkball/upArrow.png" is missing or inaccessible, make sure the URL is valid or that the file has been added to your sketch and is readable.
The file "/Users/a/Downloads/inkball_scaffold/src/main/resources/inkball/downArrow.png" is missing or inaccessible, make sure the URL is valid or that the file has been added to your sketch and is readable.
The file "/Users/a/Downloads/inkball_scaffold/src/main/resources/inkball/downArrow.png" is missing or inaccessible, make sure the URL is valid or that the file has been added to your sketch and is readable.
The file "/Users/a/Downloads/inkball_scaffold/src/main/resources/inkball/leftArrow.png" is missing or inaccessible, make sure the URL is valid or that the file has been added to your sketch and is readable.
The file "/Users/a/Downloads/inkball_scaffold/src/main/resources/inkball/leftArrow.png" is missing or inaccessible, make sure the URL is valid or that the file has been added to your sketch and is readable.
The file "/Users/a/Downloads/inkball_scaffold/src/main/resources/inkball/rightArrow.png" is missing or inaccessible, make sure the URL is valid or that the file has been added to your sketch and is readable.
The file "/Users/a/Downloads/inkball_scaffold/src/main/resources/inkball/rightArrow.png" is missing or inaccessible, make sure the URL is valid or that the file has been added to your sketch and is readable.
The file "/Users/a/Downloads/inkball_scaffold/src/main/resources/inkball/upArrow.png" is missing or inaccessible, make sure the URL is valid or that the file has been added to your sketch and is readable.
The file "/Users/a/Downloads/inkball_scaffold/src/main/resources/inkball/upArrow.png" is missing or inaccessible, make sure the URL is valid or that the file has been added to your sketch and is readable.
The file "/Users/a/Downloads/inkball_scaffold/src/main/resources/inkball/downArrow.png" is missing or inaccessible, make sure the URL is valid or that the file has been added to your sketch and is readable.
The file "/Users/a/Downloads/inkball_scaffold/src/main/resources/inkball/downArrow.png" is missing or inaccessible, make sure the URL is valid or that the file has been added to your sketch and is readable.
The file "/Users/a/Downloads/inkball_scaffold/src/main/resources/inkball/leftArrow.png" is missing or inaccessible, make sure the URL is valid or that the file has been added to your sketch and is readable.
The file "/Users/a/Downloads/inkball_scaffold/src/main/resources/inkball/leftArrow.png" is missing or inaccessible, make sure the URL is valid or that the file has been added to your sketch and is readable.
The file "/Users/a/Downloads/inkball_scaffold/src/main/resources/inkball/rightArrow.png" is missing or inaccessible, make sure the URL is valid or that the file has been added to your sketch and is readable.
The file "/Users/a/Downloads/inkball_scaffold/src/main/resources/inkball/rightArrow.png" is missing or inaccessible, make sure the URL is valid or that the file has been added to your sketch and is readable.
The file "/Users/a/Downloads/inkball_scaffold/src/main/resources/inkball/upArrow.png" is missing or inaccessible, make sure the URL is valid or that the file has been added to your sketch and is readable.
The file "/Users/a/Downloads/inkball_scaffold/src/main/resources/inkball/downArrow.png" is missing or inaccessible, make sure the URL is valid or that the file has been added to your sketch and is readable.
The file "/Users/a/Downloads/inkball_scaffold/src/main/resources/inkball/upArrow.png" is missing or inaccessible, make sure the URL is valid or that the file has been added to your sketch and is readable.
The file "/Users/a/Downloads/inkball_scaffold/src/main/resources/inkball/leftArrow.png" is missing or inaccessible, make sure the URL is valid or that the file has been added to your sketch and is readable.
The file "/Users/a/Downloads/inkball_scaffold/src/main/resources/inkball/downArrow.png" is missing or inaccessible, make sure the URL is valid or that the file has been added to your sketch and is readable.
The file "/Users/a/Downloads/inkball_scaffold/src/main/resources/inkball/rightArrow.png" is missing or inaccessible, make sure the URL is valid or that the file has been added to your sketch and is readable.
The file "/Users/a/Downloads/inkball_scaffold/src/main/resources/inkball/leftArrow.png" is missing or inaccessible, make sure the URL is valid or that the file has been added to your sketch and is readable.
The file "/Users/a/Downloads/inkball_scaffold/src/main/resources/inkball/rightArrow.png" is missing or inaccessible, make sure the URL is valid or that the file has been added to your sketch and is readable.
The file "/Users/a/Downloads/inkball_scaffold/src/main/resources/inkball/upArrow.png" is missing or inaccessible, make sure the URL is valid or that the file has been added to your sketch and is readable.
The file "/Users/a/Downloads/inkball_scaffold/src/main/resources/inkball/upArrow.png" is missing or inaccessible, make sure the URL is valid or that the file has been added to your sketch and is readable.
The file "/Users/a/Downloads/inkball_scaffold/src/main/resources/inkball/downArrow.png" is missing or inaccessible, make sure the URL is valid or that the file has been added to your sketch and is readable.
The file "/Users/a/Downloads/inkball_scaffold/src/main/resources/inkball/downArrow.png" is missing or inaccessible, make sure the URL is valid or that the file has been added to your sketch and is readable.
The file "/Users/a/Downloads/inkball_scaffold/src/main/resources/inkball/leftArrow.png" is missing or inaccessible, make sure the URL is valid or that the file has been added to your sketch and is readable.
The file "/Users/a/Downloads/inkball_scaffold/src/main/resources/inkball/leftArrow.png" is missing or inaccessible, make sure the URL is valid or that the file has been added to your sketch and is readable.
The file "/Users/a/Downloads/inkball_scaffold/src/main/resources/inkball/rightArrow.png" is missing or inaccessible, make sure the URL is valid or that the file has been added to your sketch and is readable.
The file "/Users/a/Downloads/inkball_scaffold/src/main/resources/inkball/rightArrow.png" is missing or inaccessible, make sure the URL is valid or that the file has been added to your sketch and is readable.
The file "/Users/a/Downloads/inkball_scaffold/src/main/resources/inkball/upArrow.png" is missing or inaccessible, make sure the URL is valid or that the file has been added to your sketch and is readable.
The file "/Users/a/Downloads/inkball_scaffold/src/main/resources/inkball/upArrow.png" is missing or inaccessible, make sure the URL is valid or that the file has been added to your sketch and is readable.
The file "/Users/a/Downloads/inkball_scaffold/src/main/resources/inkball/downArrow.png" is missing or inaccessible, make sure the URL is valid or that the file has been added to your sketch and is readable.
The file "/Users/a/Downloads/inkball_scaffold/src/main/resources/inkball/downArrow.png" is missing or inaccessible, make sure the URL is valid or that the file has been added to your sketch and is readable.
The file "/Users/a/Downloads/inkball_scaffold/src/main/resources/inkball/leftArrow.png" is missing or inaccessible, make sure the URL is valid or that the file has been added to your sketch and is readable.
The file "/Users/a/Downloads/inkball_scaffold/src/main/resources/inkball/leftArrow.png" is missing or inaccessible, make sure the URL is valid or that the file has been added to your sketch and is readable.
The file "/Users/a/Downloads/inkball_scaffold/src/main/resources/inkball/rightArrow.png" is missing or inaccessible, make sure the URL is valid or that the file has been added to your sketch and is readable.
The file "/Users/a/Downloads/inkball_scaffold/src/main/resources/inkball/rightArrow.png" is missing or inaccessible, make sure the URL is valid or that the file has been added to your sketch and is readable.
The file "/Users/a/Downloads/inkball_scaffold/src/main/resources/inkball/upArrow.png" is missing or inaccessible, make sure the URL is valid or that the file has been added to your sketch and is readable.
The file "/Users/a/Downloads/inkball_scaffold/src/main/resources/inkball/upArrow.png" is missing or inaccessible, make sure the URL is valid or that the file has been added to your sketch and is readable.
The file "/Users/a/Downloads/inkball_scaffold/src/main/resources/inkball/downArrow.png" is missing or inaccessible, make sure the URL is valid or that the file has been added to your sketch and is readable.
The file "/Users/a/Downloads/inkball_scaffold/src/main/resources/inkball/downArrow.png" is missing or inaccessible, make sure the URL is valid or that the file has been added to your sketch and is readable.
The file "/Users/a/Downloads/inkball_scaffold/src/main/resources/inkball/leftArrow.png" is missing or inaccessible, make sure the URL is valid or that the file has been added to your sketch and is readable.
The file "/Users/a/Downloads/inkball_scaffold/src/main/resources/inkball/leftArrow.png" is missing or inaccessible, make sure the URL is valid or that the file has been added to your sketch and is readable.
The file "/Users/a/Downloads/inkball_scaffold/src/main/resources/inkball/rightArrow.png" is missing or inaccessible, make sure the URL is valid or that the file has been added to your sketch and is readable.
The file "/Users/a/Downloads/inkball_scaffold/src/main/resources/inkball/rightArrow.png" is missing or inaccessible, make sure the URL is valid or that the file has been added to your sketch and is readable.
The file "/Users/a/Downloads/inkball_scaffold/src/main/resources/inkball/upArrow.png" is missing or inaccessible, make sure the URL is valid or that the file has been added to your sketch and is readable.
The file "/Users/a/Downloads/inkball_scaffold/src/main/resources/inkball/upArrow.png" is missing or inaccessible, make sure the URL is valid or that the file has been added to your sketch and is readable.
The file "/Users/a/Downloads/inkball_scaffold/src/main/resources/inkball/downArrow.png" is missing or inaccessible, make sure the URL is valid or that the file has been added to your sketch and is readable.
The file "/Users/a/Downloads/inkball_scaffold/src/main/resources/inkball/downArrow.png" is missing or inaccessible, make sure the URL is valid or that the file has been added to your sketch and is readable.
The file "/Users/a/Downloads/inkball_scaffold/src/main/resources/inkball/leftArrow.png" is missing or inaccessible, make sure the URL is valid or that the file has been added to your sketch and is readable.
The file "/Users/a/Downloads/inkball_scaffold/src/main/resources/inkball/leftArrow.png" is missing or inaccessible, make sure the URL is valid or that the file has been added to your sketch and is readable.
The file "/Users/a/Downloads/inkball_scaffold/src/main/resources/inkball/rightArrow.png" is missing or inaccessible, make sure the URL is valid or that the file has been added to your sketch and is readable.
The file "/Users/a/Downloads/inkball_scaffold/src/main/resources/inkball/rightArrow.png" is missing or inaccessible, make sure the URL is valid or that the file has been added to your sketch and is readable.
The file "/Users/a/Downloads/inkball_scaffold/src/main/resources/inkball/upArrow.png" is missing or inaccessible, make sure the URL is valid or that the file has been added to your sketch and is readable.
The file "/Users/a/Downloads/inkball_scaffold/src/main/resources/inkball/upArrow.png" is missing or inaccessible, make sure the URL is valid or that the file has been added to your sketch and is readable.
The file "/Users/a/Downloads/inkball_scaffold/src/main/resources/inkball/downArrow.png" is missing or inaccessible, make sure the URL is valid or that the file has been added to your sketch and is readable.
The file "/Users/a/Downloads/inkball_scaffold/src/main/resources/inkball/downArrow.png" is missing or inaccessible, make sure the URL is valid or that the file has been added to your sketch and is readable.
The file "/Users/a/Downloads/inkball_scaffold/src/main/resources/inkball/leftArrow.png" is missing or inaccessible, make sure the URL is valid or that the file has been added to your sketch and is readable.
The file "/Users/a/Downloads/inkball_scaffold/src/main/resources/inkball/leftArrow.png" is missing or inaccessible, make sure the URL is valid or that the file has been added to your sketch and is readable.
The file "/Users/a/Downloads/inkball_scaffold/src/main/resources/inkball/rightArrow.png" is missing or inaccessible, make sure the URL is valid or that the file has been added to your sketch and is readable.
The file "/Users/a/Downloads/inkball_scaffold/src/main/resources/inkball/rightArrow.png" is missing or inaccessible, make sure the URL is valid or that the file has been added to your sketch and is readable.
The file "/Users/a/Downloads/inkball_scaffold/src/main/resources/inkball/upArrow.png" is missing or inaccessible, make sure the URL is valid or that the file has been added to your sketch and is readable.
The file "/Users/a/Downloads/inkball_scaffold/src/main/resources/inkball/upArrow.png" is missing or inaccessible, make sure the URL is valid or that the file has been added to your sketch and is readable.
The file "/Users/a/Downloads/inkball_scaffold/src/main/resources/inkball/downArrow.png" is missing or inaccessible, make sure the URL is valid or that the file has been added to your sketch and is readable.
The file "/Users/a/Downloads/inkball_scaffold/src/main/resources/inkball/downArrow.png" is missing or inaccessible, make sure the URL is valid or that the file has been added to your sketch and is readable.
The file "/Users/a/Downloads/inkball_scaffold/src/main/resources/inkball/leftArrow.png" is missing or inaccessible, make sure the URL is valid or that the file has been added to your sketch and is readable.
The file "/Users/a/Downloads/inkball_scaffold/src/main/resources/inkball/leftArrow.png" is missing or inaccessible, make sure the URL is valid or that the file has been added to your sketch and is readable.
The file "/Users/a/Downloads/inkball_scaffold/src/main/resources/inkball/rightArrow.png" is missing or inaccessible, make sure the URL is valid or that the file has been added to your sketch and is readable.
The file "/Users/a/Downloads/inkball_scaffold/src/main/resources/inkball/rightArrow.png" is missing or inaccessible, make sure the URL is valid or that the file has been added to your sketch and is readable.
The file "/Users/a/Downloads/inkball_scaffold/src/main/resources/inkball/upArrow.png" is missing or inaccessible, make sure the URL is valid or that the file has been added to your sketch and is readable.
The file "/Users/a/Downloads/inkball_scaffold/src/main/resources/inkball/upArrow.png" is missing or inaccessible, make sure the URL is valid or that the file has been added to your sketch and is readable.
The file "/Users/a/Downloads/inkball_scaffold/src/main/resources/inkball/downArrow.png" is missing or inaccessible, make sure the URL is valid or that the file has been added to your sketch and is readable.
The file "/Users/a/Downloads/inkball_scaffold/src/main/resources/inkball/downArrow.png" is missing or inaccessible, make sure the URL is valid or that the file has been added to your sketch and is readable.
The file "/Users/a/Downloads/inkball_scaffold/src/main/resources/inkball/leftArrow.png" is missing or inaccessible, make sure the URL is valid or that the file has been added to your sketch and is readable.
The file "/Users/a/Downloads/inkball_scaffold/src/main/resources/inkball/leftArrow.png" is missing or inaccessible, make sure the URL is valid or that the file has been added to your sketch and is readable.
The file "/Users/a/Downloads/inkball_scaffold/src/main/resources/inkball/rightArrow.png" is missing or inaccessible, make sure the URL is valid or that the file has been added to your sketch and is readable.
The file "/Users/a/Downloads/inkball_scaffold/src/main/resources/inkball/rightArrow.png" is missing or inaccessible, make sure the URL is valid or that the file has been added to your sketch and is readable.
The file "/Users/a/Downloads/inkball_scaffold/src/main/resources/inkball/upArrow.png" is missing or inaccessible, make sure the URL is valid or that the file has been added to your sketch and is readable.
The file "/Users/a/Downloads/inkball_scaffold/src/main/resources/inkball/upArrow.png" is missing or inaccessible, make sure the URL is valid or that the file has been added to your sketch and is readable.
The file "/Users/a/Downloads/inkball_scaffold/src/main/resources/inkball/downArrow.png" is missing or inaccessible, make sure the URL is valid or that the file has been added to your sketch and is readable.
The file "/Users/a/Downloads/inkball_scaffold/src/main/resources/inkball/downArrow.png" is missing or inaccessible, make sure the URL is valid or that the file has been added to your sketch and is readable.
The file "/Users/a/Downloads/inkball_scaffold/src/main/resources/inkball/leftArrow.png" is missing or inaccessible, make sure the URL is valid or that the file has been added to your sketch and is readable.
The file "/Users/a/Downloads/inkball_scaffold/src/main/resources/inkball/leftArrow.png" is missing or inaccessible, make sure the URL is valid or that the file has been added to your sketch and is readable.
The file "/Users/a/Downloads/inkball_scaffold/src/main/resources/inkball/rightArrow.png" is missing or inaccessible, make sure the URL is valid or that the file has been added to your sketch and is readable.
The file "/Users/a/Downloads/inkball_scaffold/src/main/resources/inkball/rightArrow.png" is missing or inaccessible, make sure the URL is valid or that the file has been added to your sketch and is readable.
The file "/Users/a/Downloads/inkball_scaffold/src/main/resources/inkball/upArrow.png" is missing or inaccessible, make sure the URL is valid or that the file has been added to your sketch and is readable.
The file "/Users/a/Downloads/inkball_scaffold/src/main/resources/inkball/upArrow.png" is missing or inaccessible, make sure the URL is valid or that the file has been added to your sketch and is readable.
The file "/Users/a/Downloads/inkball_scaffold/src/main/resources/inkball/downArrow.png" is missing or inaccessible, make sure the URL is valid or that the file has been added to your sketch and is readable.
The file "/Users/a/Downloads/inkball_scaffold/src/main/resources/inkball/downArrow.png" is missing or inaccessible, make sure the URL is valid or that the file has been added to your sketch and is readable.
The file "/Users/a/Downloads/inkball_scaffold/src/main/resources/inkball/leftArrow.png" is missing or inaccessible, make sure the URL is valid or that the file has been added to your sketch and is readable.
The file "/Users/a/Downloads/inkball_scaffold/src/main/resources/inkball/leftArrow.png" is missing or inaccessible, make sure the URL is valid or that the file has been added to your sketch and is readable.
The file "/Users/a/Downloads/inkball_scaffold/src/main/resources/inkball/rightArrow.png" is missing or inaccessible, make sure the URL is valid or that the file has been added to your sketch and is readable.
The file "/Users/a/Downloads/inkball_scaffold/src/main/resources/inkball/rightArrow.png" is missing or inaccessible, make sure the URL is valid or that the file has been added to your sketch and is readable.
]]></system-err>
</testsuite>
